<?xml version="1.0" encoding="UTF-8"?>
<testsuite name="tools.configs.test.PropertyLoaderTest" tests="1" skipped="0" failures="0" errors="0" timestamp="2018-11-21T09:55:55" hostname="ECS0821.local" time="0.15">
  <properties/>
  <testcase name="getPropertyReturnsGoogleUrl" classname="tools.configs.test.PropertyLoaderTest" time="0.15"/>
  <system-out><![CDATA[]]></system-out>
  <system-err><![CDATA[[Test worker] INFO net.thucydides.core.util.PropertiesFileLocalPreferences - LOADING LOCAL PROPERTIES FROM /Users/jackbranch/Desktop/Projects/AuSerenityProject/serenity.properties 
[Test worker] INFO net.thucydides.core.util.PropertiesFileLocalPreferences - webdriver.driver=chrome
[Test worker] INFO net.thucydides.core.util.PropertiesFileLocalPreferences - webdriver.chrome.driver=src/test/resources/drivers/chromedriver_mac
[Test worker] INFO net.thucydides.core.util.PropertiesFileLocalPreferences - serenity.test.root=ecs.runners.tests
[Test worker] INFO net.thucydides.core.util.PropertiesFileLocalPreferences - serenity.project.name=ECS Test Automation Solution
[Test worker] INFO net.thucydides.core.util.PropertiesFileLocalPreferences - LOADING LOCAL PROPERTIES FROM /Users/jackbranch/Desktop/Projects/AuSerenityProject/serenity.properties 
[Test worker] INFO net.serenitybdd.core.Serenity - 

-------------------------------------------------------------------------------------
     _______. _______ .______       _______ .__   __.  __  .___________.____    ____ 
    /       ||   ____||   _  \     |   ____||  \ |  | |  | |           |\   \  /   / 
   |   (----`|  |__   |  |_)  |    |  |__   |   \|  | |  | `---|  |----` \   \/   /  
    \   \    |   __|  |      /     |   __|  |  . `  | |  |     |  |       \_    _/   
.----)   |   |  |____ |  |\  \----.|  |____ |  |\   | |  |     |  |         |  |     
|_______/    |_______|| _| `._____||_______||__| \__| |__|     |__|         |__|    
-------------------------------------------------------------------------------------

[Test worker] INFO net.serenitybdd.core.Serenity - PREPARING TO EXECUTE 0 TESTS
[Test worker] INFO net.serenitybdd.core.Serenity - Test Suite Started: Property loader test
[Test worker] INFO net.serenitybdd.core.Serenity - 
  _____ _____ ____ _____   ____ _____  _    ____ _____ _____ ____  
 |_   _| ____/ ___|_   _| / ___|_   _|/ \  |  _ \_   _| ____|  _ \ 
   | | |  _| \___ \ | |   \___ \ | | / _ \ | |_) || | |  _| | | | |
   | | | |___ ___) || |    ___) || |/ ___ \|  _ < | | | |___| |_| |
   |_| |_____|____/ |_|   |____/ |_/_/   \_\_| \_\|_| |_____|____/ 
                                                                   

TEST STARTED: getPropertyReturnsGoogleUrl
--------------------------------------------------------------------
[Test worker] INFO net.serenitybdd.core.Serenity - TEST NUMBER: 1
[Test worker] INFO net.serenitybdd.core.Serenity - 
        __    _____ _____ ____ _____   ____   _    ____  ____  _____ ____  
  _     \ \  |_   _| ____/ ___|_   _| |  _ \ / \  / ___|/ ___|| ____|  _ \ 
 (_)_____| |   | | |  _| \___ \ | |   | |_) / _ \ \___ \\___ \|  _| | | | |
  _|_____| |   | | | |___ ___) || |   |  __/ ___ \ ___) |___) | |___| |_| |
 (_)     | |   |_| |_____|____/ |_|   |_| /_/   \_\____/|____/|_____|____/ 
        /_/                                                                

TEST PASSED: Get property returns google url
----------------------------------------------------------------------------
[Test worker] INFO net.thucydides.core.reports.ReportService - Reporting formats: [JSON, XML, HTML]
[Test worker] INFO net.thucydides.core.reports.ReportService - Found reporter: net.thucydides.core.reports.xml.XMLTestOutcomeReporter@5240153c(format = Optional.of(XML))
[Test worker] INFO net.thucydides.core.reports.ReportService - Registering reporter: net.thucydides.core.reports.xml.XMLTestOutcomeReporter@5240153c
[Test worker] INFO net.thucydides.core.reports.ReportService - Found reporter: net.thucydides.core.reports.json.JSONTestOutcomeReporter@cf4f61(format = Optional.of(JSON))
[Test worker] INFO net.thucydides.core.reports.ReportService - Registering reporter: net.thucydides.core.reports.json.JSONTestOutcomeReporter@cf4f61
[Test worker] INFO net.thucydides.core.reports.ReportService - Found reporter: net.thucydides.core.reports.html.HtmlAcceptanceTestReporter@44c88b91(format = Optional.of(HTML))
[Test worker] INFO net.thucydides.core.reports.ReportService - Registering reporter: net.thucydides.core.reports.html.HtmlAcceptanceTestReporter@44c88b91
[Test worker] INFO net.thucydides.core.reports.ReportService - Generating reports using: net.thucydides.core.reports.xml.XMLTestOutcomeReporter@5240153c
[Test worker] INFO net.thucydides.core.reports.junit.JUnitXMLOutcomeReporter - GENERATING JUNIT REPORTS
[pool-1-thread-1] INFO net.thucydides.core.reports.ReportService - Processing test outcome Property loader test:getPropertyReturnsGoogleUrl
[pool-1-thread-1] INFO net.thucydides.core.reports.ReportService - net.thucydides.core.reports.xml.XMLTestOutcomeReporter@5240153c: Generating report for test outcome: Property loader test:getPropertyReturnsGoogleUrl
[Test worker] INFO net.thucydides.core.reports.junit.JUnitXMLOutcomeReporter - GENERATING JUNIT REPORT SERENITY-JUNIT-b1d0c0998b1b37c0ef0aa7180fab62a1d67b3d495fb498356cbae529dc087cb9.xml
[pool-1-thread-1] INFO net.thucydides.core.reports.xml.XMLTestOutcomeReporter - Generating XML report for Get property returns google url to file /Users/jackbranch/Desktop/Projects/AuSerenityProject/target/site/serenity/b1d0c0998b1b37c0ef0aa7180fab62a1d67b3d495fb498356cbae529dc087cb9.xml
[pool-1-thread-1] INFO net.thucydides.core.reports.xml.XMLTestOutcomeReporter - XML report generated (/Users/jackbranch/Desktop/Projects/AuSerenityProject/target/site/serenity/b1d0c0998b1b37c0ef0aa7180fab62a1d67b3d495fb498356cbae529dc087cb9.xml bytes) 445
[pool-1-thread-1] INFO net.thucydides.core.reports.ReportService - Processing test outcome Property loader test:getPropertyReturnsGoogleUrl done
[Test worker] INFO net.thucydides.core.reports.ReportService - Reports generated in: 185
[Test worker] INFO net.thucydides.core.reports.ReportService - Generating reports using: net.thucydides.core.reports.json.JSONTestOutcomeReporter@cf4f61
[Test worker] INFO net.thucydides.core.reports.junit.JUnitXMLOutcomeReporter - GENERATING JUNIT REPORTS
[pool-1-thread-2] INFO net.thucydides.core.reports.ReportService - Processing test outcome Property loader test:getPropertyReturnsGoogleUrl
[pool-1-thread-2] INFO net.thucydides.core.reports.ReportService - net.thucydides.core.reports.json.JSONTestOutcomeReporter@cf4f61: Generating report for test outcome: Property loader test:getPropertyReturnsGoogleUrl
[Test worker] INFO net.thucydides.core.reports.junit.JUnitXMLOutcomeReporter - GENERATING JUNIT REPORT SERENITY-JUNIT-b1d0c0998b1b37c0ef0aa7180fab62a1d67b3d495fb498356cbae529dc087cb9.xml
[pool-1-thread-2] INFO net.thucydides.core.reports.ReportService - Processing test outcome Property loader test:getPropertyReturnsGoogleUrl done
[Test worker] INFO net.thucydides.core.reports.ReportService - Reports generated in: 54
[Test worker] INFO net.thucydides.core.reports.ReportService - Generating reports using: net.thucydides.core.reports.html.HtmlAcceptanceTestReporter@44c88b91
[Test worker] INFO net.thucydides.core.reports.junit.JUnitXMLOutcomeReporter - GENERATING JUNIT REPORTS
[pool-1-thread-3] INFO net.thucydides.core.reports.ReportService - Processing test outcome Property loader test:getPropertyReturnsGoogleUrl
[pool-1-thread-3] INFO net.thucydides.core.reports.ReportService - net.thucydides.core.reports.html.HtmlAcceptanceTestReporter@44c88b91: Generating report for test outcome: Property loader test:getPropertyReturnsGoogleUrl
[Test worker] INFO net.thucydides.core.reports.junit.JUnitXMLOutcomeReporter - GENERATING JUNIT REPORT SERENITY-JUNIT-b1d0c0998b1b37c0ef0aa7180fab62a1d67b3d495fb498356cbae529dc087cb9.xml
[pool-1-thread-3] INFO net.thucydides.core.requirements.RequirementsTagProvider - Reading requirements from net.thucydides.core.requirements.FileSystemRequirementsTagProvider@116e6f1e
[pool-1-thread-3] INFO net.thucydides.core.requirements.RequirementsTagProvider - Reading requirements from net.thucydides.core.requirements.PackageAnnotationBasedTagProvider@c77b154
[pool-1-thread-3] INFO net.thucydides.core.requirements.RequirementsTagProvider - Requirements found:[]
[pool-1-thread-3] INFO net.thucydides.core.reports.html.HtmlAcceptanceTestReporter - GENERATING HTML REPORT FOR Property loader test:getPropertyReturnsGoogleUrl => b1d0c0998b1b37c0ef0aa7180fab62a1d67b3d495fb498356cbae529dc087cb9.html
[pool-1-thread-3] INFO net.thucydides.core.reports.ReportService - Processing test outcome Property loader test:getPropertyReturnsGoogleUrl done
[Test worker] INFO net.thucydides.core.reports.ReportService - Reports generated in: 422
]]></system-err>
</testsuite>
